<?xml version="1.0" encoding="UTF-8"?>
<!-- Generated by org.testng.reporters.JUnitReportReporter -->
<testsuite hostname="DESKTOP-O3OA5CN" failures="0" tests="1" name="testpackage.HomePageTest" time="53.497" errors="0" timestamp="2021-10-03T11:09:29 PDT" skipped="0">
  <testcase classname="testpackage.HomePageTest" name="VerifyProductAdded" time="53.497"/>
  <system-out/>
</testsuite> <!-- testpackage.HomePageTest -->
