<?xml version="1.0" encoding="UTF-8"?>
<!-- Generated by org.testng.reporters.JUnitReportReporter -->
<testsuite hostname="DESKTOP-O3OA5CN" failures="0" tests="1" name="testpackage.LoginPageTest" time="16.737" errors="0" timestamp="2021-10-28T22:37:54 PDT" skipped="0">
  <testcase classname="testpackage.LoginPageTest" name="LoginAndvalidateHomepageTitle" time="16.737"/>
  <system-out/>
</testsuite> <!-- testpackage.LoginPageTest -->
