<?xml version="1.0" encoding="UTF-8"?>
<!-- Generated by org.testng.reporters.JUnitReportReporter -->
<testsuite hostname="DESKTOP-O3OA5CN" failures="0" tests="1" name="testpackage.CompaniesTest" time="36.977" errors="0" timestamp="2021-10-30T07:07:50 PDT" skipped="0">
  <testcase classname="testpackage.CompaniesTest" name="createnewcompany" time="36.977"/>
  <system-out/>
</testsuite> <!-- testpackage.CompaniesTest -->
