<?xml version="1.0" encoding="UTF-8"?>
<!-- Generated by org.testng.reporters.JUnitReportReporter -->
<testsuite hostname="DESKTOP-O3OA5CN" failures="0" tests="1" name="testpackage.LoginPageTest" time="31.313" errors="0" timestamp="2021-10-02T22:19:44 PDT" skipped="0">
  <testcase classname="testpackage.LoginPageTest" name="LoginAndvalidateLoginAccount" time="31.313"/>
  <system-out/>
</testsuite> <!-- testpackage.LoginPageTest -->
